<?xml version="1.0" encoding="UTF-8"?>
<testng-results skipped="0" failed="0" total="2" passed="2">
  <reporter-output>
  </reporter-output>
  <suite name="com.masteringselenium.BasicTest" duration-ms="44327" started-at="2019-03-31T15:04:11Z" finished-at="2019-03-31T15:04:56Z">
    <groups>
    </groups>
    <test name="Command line test" duration-ms="44327" started-at="2019-03-31T15:04:11Z" finished-at="2019-03-31T15:04:56Z">
      <class name="com.masteringselenium.BasicTest">
        <test-method status="PASS" signature="googleCheeseExample()[pri:0, instance:com.masteringselenium.BasicTest@2812cbfa]" name="googleCheeseExample" duration-ms="28262" started-at="2019-03-31T16:04:11Z" finished-at="2019-03-31T16:04:40Z">
          <reporter-output>
          </reporter-output>
        </test-method> <!-- googleCheeseExample -->
        <test-method status="PASS" signature="googleMilkExample()[pri:0, instance:com.masteringselenium.BasicTest@2812cbfa]" name="googleMilkExample" duration-ms="16050" started-at="2019-03-31T16:04:40Z" finished-at="2019-03-31T16:04:56Z">
          <reporter-output>
          </reporter-output>
        </test-method> <!-- googleMilkExample -->
      </class> <!-- com.masteringselenium.BasicTest -->
    </test> <!-- Command line test -->
  </suite> <!-- com.masteringselenium.BasicTest -->
</testng-results>
